<?xml version="1.0" encoding="UTF-8"?>
<!-- Generated by org.testng.reporters.JUnitXMLReporter -->
<testsuite hostname="LAPTOP-UC8NRPBF" ignored="2" name="database" tests="2" failures="0" timestamp="2021-06-07T10:25:02 IST" time="0.08" errors="0">
  <testcase name="testthree" time="0.006" classname="testngpackage.Classtwo"/>
  <testcase name="testfour" time="0.001" classname="testngpackage.Classtwo"/>
  <testcase name="testone" time="0.0" classname="testngpackage.Classtwo">
    <ignored/>
  </testcase> <!-- testone -->
  <testcase name="testtwo" time="0.0" classname="testngpackage.Classtwo">
    <ignored/>
  </testcase> <!-- testtwo -->
</testsuite> <!-- database -->
