<?xml version="1.0" encoding="UTF-8"?>
<!-- Generated by org.testng.reporters.JUnitXMLReporter -->
<testsuite hostname="LAPTOP-UC8NRPBF" ignored="0" name="basic validations" tests="4" failures="0" timestamp="2021-06-07T10:33:43 IST" time="16.437" errors="0">
  <testcase name="testtwo" time="6.822" classname="testngpackage.Classtwo"/>
  <testcase name="testone" time="8.481" classname="testngpackage.Classtwo"/>
  <testcase name="testfour" time="0.001" classname="testngpackage.Classtwo"/>
  <testcase name="testthree" time="9.578" classname="testngpackage.Classtwo"/>
</testsuite> <!-- basic validations -->
