<?xml version="1.0" encoding="UTF-8"?>
<!-- Generated by org.testng.reporters.JUnitXMLReporter -->
<testsuite hostname="LAPTOP-UC8NRPBF" ignored="0" name="Default test" tests="6" failures="0" timestamp="2021-06-07T10:27:02 IST" time="0.044" errors="0">
  <testcase name="testone" time="0.004" classname="testngpackage.Classtwo"/>
  <testcase name="testone" time="0.001" classname="testngpackage.Classtwo"/>
  <testcase name="testone" time="0.001" classname="testngpackage.Classtwo"/>
  <testcase name="testtwo" time="0.0" classname="testngpackage.Classtwo"/>
  <testcase name="testthree" time="0.001" classname="testngpackage.Classtwo"/>
  <testcase name="testfour" time="0.001" classname="testngpackage.Classtwo"/>
</testsuite> <!-- Default test -->
